Folder Path: ../brands/kirklands
Brand folder name: kirklands
../brands/kirklands/kirklands_modified.txt,created
Converting ../brands/kirklands/kirklands_modified.txt to ../brands/kirklands/processed/kirklands_modified.txt.csv
Folder Path: ../brands/kirklands/processed
Brand folder name: processed
Folder Path: ../brands/kirklands/processed
Brand folder name: processed
Folder Path: ../brands/kirklands
Brand folder name: kirklands
../brands/kirklands/kirklands_modified.txt,created
Converting ../brands/kirklands/kirklands_modified.txt to ../brands/kirklands/processed/kirklands_modified.txt.csv
Folder Path: ../brands/kirklands/processed
Brand folder name: processed
Folder Path: ../brands/kirklands
Brand folder name: kirklands
../brands/kirklands/kirklands_modified.txt,created
Converting ../brands/kirklands/kirklands_modified.txt to ../brands/kirklands/processed/kirklands_modified.txt.csv
Folder Path: ../brands/kirklands/processed
Brand folder name: processed
Folder Path: ../brands/kirklands
Brand folder name: kirklands
../brands/kirklands/kirklands_modified.txt,created
Converting ../brands/kirklands/kirklands_modified.txt to ../brands/kirklands/processed/kirklands_modified.txt.csv
Folder Path: ../brands/kirklands/processed
Brand folder name: processed
Folder Path: ../brands/kirklands
Brand folder name: kirklands
../brands/kirklands/kirklands_modified.txt,created
Converting ../brands/kirklands/kirklands_modified.txt to ../brands/kirklands/processed/kirklands_modified.txt.csv
Folder Path: ../brands/kirklands/processed
Brand folder name: processed
Folder Path: ../brands/kirklands/processed
Brand folder name: processed
2015-11-02 - INFO - Folder Path: ../brands/kirklands
